INFO:     Started server process [63806]
INFO:     Waiting for application startup.
INFO:     Application startup complete.
INFO:     Uvicorn running on http://0.0.0.0:8100 (Press CTRL+C to quit)
INFO:     127.0.0.1:64894 - "POST /v1/signals/analyze HTTP/1.1" 500 Internal Server Error
ERROR:    Exception in ASGI application
Traceback (most recent call last):
  File "/Users/ngovietthanhbinh/Project/AI-Anti-Scam-Guardian/ai-anti-scam-guardian/lane-api-gateway/python-api-gateway/.venv/lib/python3.9/site-packages/httpx/_transports/default.py", line 69, in map_httpcore_exceptions
    yield
  File "/Users/ngovietthanhbinh/Project/AI-Anti-Scam-Guardian/ai-anti-scam-guardian/lane-api-gateway/python-api-gateway/.venv/lib/python3.9/site-packages/httpx/_transports/default.py", line 373, in handle_async_request
    resp = await self._pool.handle_async_request(req)
  File "/Users/ngovietthanhbinh/Project/AI-Anti-Scam-Guardian/ai-anti-scam-guardian/lane-api-gateway/python-api-gateway/.venv/lib/python3.9/site-packages/httpcore/_async/connection_pool.py", line 256, in handle_async_request
    raise exc from None
  File "/Users/ngovietthanhbinh/Project/AI-Anti-Scam-Guardian/ai-anti-scam-guardian/lane-api-gateway/python-api-gateway/.venv/lib/python3.9/site-packages/httpcore/_async/connection_pool.py", line 236, in handle_async_request
    response = await connection.handle_async_request(
  File "/Users/ngovietthanhbinh/Project/AI-Anti-Scam-Guardian/ai-anti-scam-guardian/lane-api-gateway/python-api-gateway/.venv/lib/python3.9/site-packages/httpcore/_async/connection.py", line 103, in handle_async_request
    return await self._connection.handle_async_request(request)
  File "/Users/ngovietthanhbinh/Project/AI-Anti-Scam-Guardian/ai-anti-scam-guardian/lane-api-gateway/python-api-gateway/.venv/lib/python3.9/site-packages/httpcore/_async/http11.py", line 136, in handle_async_request
    raise exc
  File "/Users/ngovietthanhbinh/Project/AI-Anti-Scam-Guardian/ai-anti-scam-guardian/lane-api-gateway/python-api-gateway/.venv/lib/python3.9/site-packages/httpcore/_async/http11.py", line 106, in handle_async_request
    ) = await self._receive_response_headers(**kwargs)
  File "/Users/ngovietthanhbinh/Project/AI-Anti-Scam-Guardian/ai-anti-scam-guardian/lane-api-gateway/python-api-gateway/.venv/lib/python3.9/site-packages/httpcore/_async/http11.py", line 177, in _receive_response_headers
    event = await self._receive_event(timeout=timeout)
  File "/Users/ngovietthanhbinh/Project/AI-Anti-Scam-Guardian/ai-anti-scam-guardian/lane-api-gateway/python-api-gateway/.venv/lib/python3.9/site-packages/httpcore/_async/http11.py", line 217, in _receive_event
    data = await self._network_stream.read(
  File "/Users/ngovietthanhbinh/Project/AI-Anti-Scam-Guardian/ai-anti-scam-guardian/lane-api-gateway/python-api-gateway/.venv/lib/python3.9/site-packages/httpcore/_backends/anyio.py", line 37, in read
    return b""
  File "/Library/Developer/CommandLineTools/Library/Frameworks/Python3.framework/Versions/3.9/lib/python3.9/contextlib.py", line 135, in __exit__
    self.gen.throw(type, value, traceback)
  File "/Users/ngovietthanhbinh/Project/AI-Anti-Scam-Guardian/ai-anti-scam-guardian/lane-api-gateway/python-api-gateway/.venv/lib/python3.9/site-packages/httpcore/_exceptions.py", line 14, in map_exceptions
    raise to_exc(exc) from exc
httpcore.ReadTimeout

The above exception was the direct cause of the following exception:

Traceback (most recent call last):
  File "/Users/ngovietthanhbinh/Project/AI-Anti-Scam-Guardian/ai-anti-scam-guardian/lane-api-gateway/python-api-gateway/.venv/lib/python3.9/site-packages/uvicorn/protocols/http/httptools_impl.py", line 399, in run_asgi
    result = await app(  # type: ignore[func-returns-value]
  File "/Users/ngovietthanhbinh/Project/AI-Anti-Scam-Guardian/ai-anti-scam-guardian/lane-api-gateway/python-api-gateway/.venv/lib/python3.9/site-packages/uvicorn/middleware/proxy_headers.py", line 70, in __call__
    return await self.app(scope, receive, send)
  File "/Users/ngovietthanhbinh/Project/AI-Anti-Scam-Guardian/ai-anti-scam-guardian/lane-api-gateway/python-api-gateway/.venv/lib/python3.9/site-packages/fastapi/applications.py", line 1054, in __call__
    await super().__call__(scope, receive, send)
  File "/Users/ngovietthanhbinh/Project/AI-Anti-Scam-Guardian/ai-anti-scam-guardian/lane-api-gateway/python-api-gateway/.venv/lib/python3.9/site-packages/starlette/applications.py", line 123, in __call__
    await self.middleware_stack(scope, receive, send)
  File "/Users/ngovietthanhbinh/Project/AI-Anti-Scam-Guardian/ai-anti-scam-guardian/lane-api-gateway/python-api-gateway/.venv/lib/python3.9/site-packages/starlette/middleware/errors.py", line 186, in __call__
    raise exc
  File "/Users/ngovietthanhbinh/Project/AI-Anti-Scam-Guardian/ai-anti-scam-guardian/lane-api-gateway/python-api-gateway/.venv/lib/python3.9/site-packages/starlette/middleware/errors.py", line 164, in __call__
    await self.app(scope, receive, _send)
  File "/Users/ngovietthanhbinh/Project/AI-Anti-Scam-Guardian/ai-anti-scam-guardian/lane-api-gateway/python-api-gateway/.venv/lib/python3.9/site-packages/starlette/middleware/exceptions.py", line 65, in __call__
    await wrap_app_handling_exceptions(self.app, conn)(scope, receive, send)
  File "/Users/ngovietthanhbinh/Project/AI-Anti-Scam-Guardian/ai-anti-scam-guardian/lane-api-gateway/python-api-gateway/.venv/lib/python3.9/site-packages/starlette/_exception_handler.py", line 64, in wrapped_app
    raise exc
  File "/Users/ngovietthanhbinh/Project/AI-Anti-Scam-Guardian/ai-anti-scam-guardian/lane-api-gateway/python-api-gateway/.venv/lib/python3.9/site-packages/starlette/_exception_handler.py", line 53, in wrapped_app
    await app(scope, receive, sender)
  File "/Users/ngovietthanhbinh/Project/AI-Anti-Scam-Guardian/ai-anti-scam-guardian/lane-api-gateway/python-api-gateway/.venv/lib/python3.9/site-packages/starlette/routing.py", line 756, in __call__
    await self.middleware_stack(scope, receive, send)
  File "/Users/ngovietthanhbinh/Project/AI-Anti-Scam-Guardian/ai-anti-scam-guardian/lane-api-gateway/python-api-gateway/.venv/lib/python3.9/site-packages/starlette/routing.py", line 776, in app
    await route.handle(scope, receive, send)
  File "/Users/ngovietthanhbinh/Project/AI-Anti-Scam-Guardian/ai-anti-scam-guardian/lane-api-gateway/python-api-gateway/.venv/lib/python3.9/site-packages/starlette/routing.py", line 297, in handle
    await self.app(scope, receive, send)
  File "/Users/ngovietthanhbinh/Project/AI-Anti-Scam-Guardian/ai-anti-scam-guardian/lane-api-gateway/python-api-gateway/.venv/lib/python3.9/site-packages/starlette/routing.py", line 77, in app
    await wrap_app_handling_exceptions(app, request)(scope, receive, send)
  File "/Users/ngovietthanhbinh/Project/AI-Anti-Scam-Guardian/ai-anti-scam-guardian/lane-api-gateway/python-api-gateway/.venv/lib/python3.9/site-packages/starlette/_exception_handler.py", line 64, in wrapped_app
    raise exc
  File "/Users/ngovietthanhbinh/Project/AI-Anti-Scam-Guardian/ai-anti-scam-guardian/lane-api-gateway/python-api-gateway/.venv/lib/python3.9/site-packages/starlette/_exception_handler.py", line 53, in wrapped_app
    await app(scope, receive, sender)
  File "/Users/ngovietthanhbinh/Project/AI-Anti-Scam-Guardian/ai-anti-scam-guardian/lane-api-gateway/python-api-gateway/.venv/lib/python3.9/site-packages/starlette/routing.py", line 72, in app
    response = await func(request)
  File "/Users/ngovietthanhbinh/Project/AI-Anti-Scam-Guardian/ai-anti-scam-guardian/lane-api-gateway/python-api-gateway/.venv/lib/python3.9/site-packages/fastapi/routing.py", line 278, in app
    raw_response = await run_endpoint_function(
  File "/Users/ngovietthanhbinh/Project/AI-Anti-Scam-Guardian/ai-anti-scam-guardian/lane-api-gateway/python-api-gateway/.venv/lib/python3.9/site-packages/fastapi/routing.py", line 191, in run_endpoint_function
    return await dependant.call(**values)
  File "/Users/ngovietthanhbinh/Project/AI-Anti-Scam-Guardian/ai-anti-scam-guardian/lane-api-gateway/python-api-gateway/app/routes/analyze.py", line 37, in analyze_signal
    fresh = await core_client.analyze_signal(request)
  File "/Users/ngovietthanhbinh/Project/AI-Anti-Scam-Guardian/ai-anti-scam-guardian/lane-api-gateway/python-api-gateway/app/clients/agentic_core_client.py", line 18, in analyze_signal
    response = await client.post(url, json=request.model_dump())
  File "/Users/ngovietthanhbinh/Project/AI-Anti-Scam-Guardian/ai-anti-scam-guardian/lane-api-gateway/python-api-gateway/.venv/lib/python3.9/site-packages/httpx/_client.py", line 1892, in post
    return await self.request(
  File "/Users/ngovietthanhbinh/Project/AI-Anti-Scam-Guardian/ai-anti-scam-guardian/lane-api-gateway/python-api-gateway/.venv/lib/python3.9/site-packages/httpx/_client.py", line 1574, in request
    return await self.send(request, auth=auth, follow_redirects=follow_redirects)
  File "/Users/ngovietthanhbinh/Project/AI-Anti-Scam-Guardian/ai-anti-scam-guardian/lane-api-gateway/python-api-gateway/.venv/lib/python3.9/site-packages/httpx/_client.py", line 1661, in send
    response = await self._send_handling_auth(
  File "/Users/ngovietthanhbinh/Project/AI-Anti-Scam-Guardian/ai-anti-scam-guardian/lane-api-gateway/python-api-gateway/.venv/lib/python3.9/site-packages/httpx/_client.py", line 1689, in _send_handling_auth
    response = await self._send_handling_redirects(
  File "/Users/ngovietthanhbinh/Project/AI-Anti-Scam-Guardian/ai-anti-scam-guardian/lane-api-gateway/python-api-gateway/.venv/lib/python3.9/site-packages/httpx/_client.py", line 1726, in _send_handling_redirects
    response = await self._send_single_request(request)
  File "/Users/ngovietthanhbinh/Project/AI-Anti-Scam-Guardian/ai-anti-scam-guardian/lane-api-gateway/python-api-gateway/.venv/lib/python3.9/site-packages/httpx/_client.py", line 1763, in _send_single_request
    response = await transport.handle_async_request(request)
  File "/Users/ngovietthanhbinh/Project/AI-Anti-Scam-Guardian/ai-anti-scam-guardian/lane-api-gateway/python-api-gateway/.venv/lib/python3.9/site-packages/httpx/_transports/default.py", line 373, in handle_async_request
    resp = await self._pool.handle_async_request(req)
  File "/Library/Developer/CommandLineTools/Library/Frameworks/Python3.framework/Versions/3.9/lib/python3.9/contextlib.py", line 135, in __exit__
    self.gen.throw(type, value, traceback)
  File "/Users/ngovietthanhbinh/Project/AI-Anti-Scam-Guardian/ai-anti-scam-guardian/lane-api-gateway/python-api-gateway/.venv/lib/python3.9/site-packages/httpx/_transports/default.py", line 86, in map_httpcore_exceptions
    raise mapped_exc(message) from exc
httpx.ReadTimeout
INFO:     Shutting down
INFO:     Waiting for application shutdown.
INFO:     Application shutdown complete.
INFO:     Finished server process [63806]
